info: socket.io started
{ dataInterval: 100 }
I, [2014-05-10T18:18:21.326Z]  INFO -- : Initializing connections...
I, [2014-05-10T18:18:21.336Z]  INFO -- : Initializing connection 'raspi'...
D, [2014-05-10T18:18:21.345Z] DEBUG -- : Loading adaptor 'raspi'
D, [2014-05-10T18:18:23.940Z] DEBUG -- : Registering Raspberry Pi adaptor for Robot 36403
D, [2014-05-10T18:18:23.943Z] DEBUG -- : Registering GPIO AnalogSensor driver for Robot 36403
D, [2014-05-10T18:18:23.964Z] DEBUG -- : Registering GPIO Button driver for Robot 36403
D, [2014-05-10T18:18:23.966Z] DEBUG -- : Registering GPIO ContinuousServo driver for Robot 36403
D, [2014-05-10T18:18:23.968Z] DEBUG -- : Registering GPIO LED driver for Robot 36403
D, [2014-05-10T18:18:23.969Z] DEBUG -- : Registering GPIO MakeyButton driver for Robot 36403
D, [2014-05-10T18:18:23.971Z] DEBUG -- : Registering GPIO Maxbotix driver for Robot 36403
D, [2014-05-10T18:18:23.972Z] DEBUG -- : Registering GPIO Motor driver for Robot 36403
D, [2014-05-10T18:18:23.974Z] DEBUG -- : Registering GPIO Servo driver for Robot 36403
D, [2014-05-10T18:18:23.976Z] DEBUG -- : Registering i2c BlinkM driver for Robot 36403
D, [2014-05-10T18:18:24.000Z] DEBUG -- : Registering i2c HMC6352 driver for Robot 36403
D, [2014-05-10T18:18:24.002Z] DEBUG -- : Registering i2c MPL115A2 driver for Robot 36403
D, [2014-05-10T18:18:24.003Z] DEBUG -- : Registering i2c BMP180 driver for Robot 36403
D, [2014-05-10T18:18:24.005Z] DEBUG -- : Registering i2c MPU6050 driver for Robot 36403
D, [2014-05-10T18:18:24.006Z] DEBUG -- : Registering i2c LCD driver for Robot 36403
I, [2014-05-10T18:18:24.018Z]  INFO -- : Initializing devices...
I, [2014-05-10T18:18:24.020Z]  INFO -- : Initializing device 'bmp180'...
D, [2014-05-10T18:18:24.025Z] DEBUG -- : Loading driver 'bmp180'
I, [2014-05-10T18:18:24.033Z]  INFO -- : Initializing device 'servo'...
D, [2014-05-10T18:18:24.036Z] DEBUG -- : Loading driver 'servo'
I, [2014-05-10T18:18:24.043Z]  INFO -- : Initializing device 'statusLed'...
D, [2014-05-10T18:18:24.045Z] DEBUG -- : Loading driver 'led'
I, [2014-05-10T18:18:24.052Z]  INFO -- : Starting connections...
I, [2014-05-10T18:18:24.064Z]  INFO -- : Connecting to raspi on port none
I, [2014-05-10T18:18:24.066Z]  INFO -- : Connecting to adaptor 'raspi'...
I, [2014-05-10T18:18:24.072Z]  INFO -- : Starting devices...
I, [2014-05-10T18:18:24.078Z]  INFO -- : Starting device bmp180
I, [2014-05-10T18:18:24.104Z]  INFO -- : Starting device servo on pin 12
I, [2014-05-10T18:18:24.106Z]  INFO -- : Driver servo started
I, [2014-05-10T18:18:24.107Z]  INFO -- : Starting device statusLed on pin 7
I, [2014-05-10T18:18:24.109Z]  INFO -- : Driver led started
D, [2014-05-10T18:18:24.113Z] DEBUG -- : Setting angle to 150
I, [2014-05-10T18:18:24.143Z]  INFO -- : Working...
{ dataInterval: 100 }
