info: socket.io started
{ dataInterval: 100 }
I, [2014-05-17T14:35:02.519Z]  INFO -- : Initializing connections...
I, [2014-05-17T14:35:02.529Z]  INFO -- : Initializing connection 'raspi'...
D, [2014-05-17T14:35:02.539Z] DEBUG -- : Loading adaptor 'raspi'
D, [2014-05-17T14:35:05.386Z] DEBUG -- : Registering Raspberry Pi adaptor for Robot 85362
D, [2014-05-17T14:35:05.390Z] DEBUG -- : Registering GPIO AnalogSensor driver for Robot 85362
D, [2014-05-17T14:35:05.411Z] DEBUG -- : Registering GPIO Button driver for Robot 85362
D, [2014-05-17T14:35:05.412Z] DEBUG -- : Registering GPIO ContinuousServo driver for Robot 85362
D, [2014-05-17T14:35:05.414Z] DEBUG -- : Registering GPIO LED driver for Robot 85362
D, [2014-05-17T14:35:05.415Z] DEBUG -- : Registering GPIO MakeyButton driver for Robot 85362
D, [2014-05-17T14:35:05.417Z] DEBUG -- : Registering GPIO Maxbotix driver for Robot 85362
D, [2014-05-17T14:35:05.418Z] DEBUG -- : Registering GPIO Motor driver for Robot 85362
D, [2014-05-17T14:35:05.420Z] DEBUG -- : Registering GPIO Servo driver for Robot 85362
D, [2014-05-17T14:35:05.423Z] DEBUG -- : Registering i2c BlinkM driver for Robot 85362
D, [2014-05-17T14:35:05.443Z] DEBUG -- : Registering i2c HMC6352 driver for Robot 85362
D, [2014-05-17T14:35:05.445Z] DEBUG -- : Registering i2c MPL115A2 driver for Robot 85362
D, [2014-05-17T14:35:05.446Z] DEBUG -- : Registering i2c BMP180 driver for Robot 85362
D, [2014-05-17T14:35:05.448Z] DEBUG -- : Registering i2c MPU6050 driver for Robot 85362
D, [2014-05-17T14:35:05.449Z] DEBUG -- : Registering i2c LCD driver for Robot 85362
I, [2014-05-17T14:35:05.461Z]  INFO -- : Initializing devices...
I, [2014-05-17T14:35:05.463Z]  INFO -- : Initializing device 'bmp180'...
D, [2014-05-17T14:35:05.468Z] DEBUG -- : Loading driver 'bmp180'
I, [2014-05-17T14:35:05.476Z]  INFO -- : Initializing device 'servo'...
D, [2014-05-17T14:35:05.479Z] DEBUG -- : Loading driver 'servo'
I, [2014-05-17T14:35:05.486Z]  INFO -- : Initializing device 'greenLED'...
D, [2014-05-17T14:35:05.488Z] DEBUG -- : Loading driver 'led'
I, [2014-05-17T14:35:05.492Z]  INFO -- : Initializing device 'blueLED'...
D, [2014-05-17T14:35:05.494Z] DEBUG -- : Loading driver 'led'
I, [2014-05-17T14:35:05.498Z]  INFO -- : Initializing device 'greenBtn'...
D, [2014-05-17T14:35:05.499Z] DEBUG -- : Loading driver 'button'
I, [2014-05-17T14:35:05.502Z]  INFO -- : Initializing device 'blueBtn'...
D, [2014-05-17T14:35:05.503Z] DEBUG -- : Loading driver 'button'
I, [2014-05-17T14:35:05.509Z]  INFO -- : Starting connections...
I, [2014-05-17T14:35:05.521Z]  INFO -- : Connecting to raspi on port none
I, [2014-05-17T14:35:05.523Z]  INFO -- : Connecting to adaptor 'raspi'...
I, [2014-05-17T14:35:05.529Z]  INFO -- : Starting devices...
I, [2014-05-17T14:35:05.535Z]  INFO -- : Starting device bmp180
I, [2014-05-17T14:35:05.561Z]  INFO -- : Starting device servo on pin 12
I, [2014-05-17T14:35:05.564Z]  INFO -- : Driver servo started
I, [2014-05-17T14:35:05.565Z]  INFO -- : Starting device greenLED on pin 15
I, [2014-05-17T14:35:05.567Z]  INFO -- : Driver led started
I, [2014-05-17T14:35:05.568Z]  INFO -- : Starting device blueLED on pin 18
I, [2014-05-17T14:35:05.569Z]  INFO -- : Driver led started
I, [2014-05-17T14:35:05.571Z]  INFO -- : Starting device greenBtn on pin 11
I, [2014-05-17T14:35:05.582Z]  INFO -- : Driver button started
I, [2014-05-17T14:35:05.584Z]  INFO -- : Starting device blueBtn on pin 16
I, [2014-05-17T14:35:05.589Z]  INFO -- : Driver button started
D, [2014-05-17T14:35:05.595Z] DEBUG -- : Setting angle to 60
D, [2014-05-17T14:35:05.619Z] DEBUG -- : Setting angle to 60
I, [2014-05-17T14:35:05.627Z]  INFO -- : Working...
