info: socket.io started
{ dataInterval: 100 }
I, [2014-05-10T23:18:19.829Z]  INFO -- : Initializing connections...
I, [2014-05-10T23:18:19.839Z]  INFO -- : Initializing connection 'raspi'...
D, [2014-05-10T23:18:19.848Z] DEBUG -- : Loading adaptor 'raspi'
D, [2014-05-10T23:18:22.448Z] DEBUG -- : Registering Raspberry Pi adaptor for Robot 49080
D, [2014-05-10T23:18:22.451Z] DEBUG -- : Registering GPIO AnalogSensor driver for Robot 49080
D, [2014-05-10T23:18:22.472Z] DEBUG -- : Registering GPIO Button driver for Robot 49080
D, [2014-05-10T23:18:22.474Z] DEBUG -- : Registering GPIO ContinuousServo driver for Robot 49080
D, [2014-05-10T23:18:22.476Z] DEBUG -- : Registering GPIO LED driver for Robot 49080
D, [2014-05-10T23:18:22.477Z] DEBUG -- : Registering GPIO MakeyButton driver for Robot 49080
D, [2014-05-10T23:18:22.479Z] DEBUG -- : Registering GPIO Maxbotix driver for Robot 49080
D, [2014-05-10T23:18:22.480Z] DEBUG -- : Registering GPIO Motor driver for Robot 49080
D, [2014-05-10T23:18:22.482Z] DEBUG -- : Registering GPIO Servo driver for Robot 49080
D, [2014-05-10T23:18:22.485Z] DEBUG -- : Registering i2c BlinkM driver for Robot 49080
D, [2014-05-10T23:18:22.506Z] DEBUG -- : Registering i2c HMC6352 driver for Robot 49080
D, [2014-05-10T23:18:22.508Z] DEBUG -- : Registering i2c MPL115A2 driver for Robot 49080
D, [2014-05-10T23:18:22.509Z] DEBUG -- : Registering i2c BMP180 driver for Robot 49080
D, [2014-05-10T23:18:22.511Z] DEBUG -- : Registering i2c MPU6050 driver for Robot 49080
D, [2014-05-10T23:18:22.513Z] DEBUG -- : Registering i2c LCD driver for Robot 49080
I, [2014-05-10T23:18:22.525Z]  INFO -- : Initializing devices...
I, [2014-05-10T23:18:22.527Z]  INFO -- : Initializing device 'bmp180'...
D, [2014-05-10T23:18:22.534Z] DEBUG -- : Loading driver 'bmp180'
I, [2014-05-10T23:18:22.542Z]  INFO -- : Initializing device 'servo'...
D, [2014-05-10T23:18:22.545Z] DEBUG -- : Loading driver 'servo'
I, [2014-05-10T23:18:22.552Z]  INFO -- : Initializing device 'greenLED'...
D, [2014-05-10T23:18:22.554Z] DEBUG -- : Loading driver 'led'
I, [2014-05-10T23:18:22.559Z]  INFO -- : Initializing device 'blueLED'...
D, [2014-05-10T23:18:22.561Z] DEBUG -- : Loading driver 'led'
I, [2014-05-10T23:18:22.565Z]  INFO -- : Initializing device 'greenBtn'...
D, [2014-05-10T23:18:22.566Z] DEBUG -- : Loading driver 'button'
I, [2014-05-10T23:18:22.569Z]  INFO -- : Initializing device 'blueBtn'...
D, [2014-05-10T23:18:22.570Z] DEBUG -- : Loading driver 'button'
I, [2014-05-10T23:18:22.575Z]  INFO -- : Starting connections...
I, [2014-05-10T23:18:22.587Z]  INFO -- : Connecting to raspi on port none
I, [2014-05-10T23:18:22.590Z]  INFO -- : Connecting to adaptor 'raspi'...
I, [2014-05-10T23:18:22.596Z]  INFO -- : Starting devices...
I, [2014-05-10T23:18:22.602Z]  INFO -- : Starting device bmp180
I, [2014-05-10T23:18:22.627Z]  INFO -- : Starting device servo on pin 12
I, [2014-05-10T23:18:22.629Z]  INFO -- : Driver servo started
I, [2014-05-10T23:18:22.631Z]  INFO -- : Starting device greenLED on pin 15
I, [2014-05-10T23:18:22.633Z]  INFO -- : Driver led started
I, [2014-05-10T23:18:22.634Z]  INFO -- : Starting device blueLED on pin 18
I, [2014-05-10T23:18:22.636Z]  INFO -- : Driver led started
I, [2014-05-10T23:18:22.637Z]  INFO -- : Starting device greenBtn on pin 11
I, [2014-05-10T23:18:22.649Z]  INFO -- : Driver button started
I, [2014-05-10T23:18:22.650Z]  INFO -- : Starting device blueBtn on pin 16
I, [2014-05-10T23:18:22.656Z]  INFO -- : Driver button started
D, [2014-05-10T23:18:22.662Z] DEBUG -- : Setting angle to 150
D, [2014-05-10T23:18:22.686Z] DEBUG -- : Setting angle to 150
I, [2014-05-10T23:18:22.694Z]  INFO -- : Working...
